<?xml version="1.0" encoding="UTF-8"?>
<!-- Generated by org.testng.reporters.JUnitReportReporter -->
<testsuite skipped="0" hostname="walkingtree" name="com.wtc.testScript.SenchaTestWithoutPOM" tests="1" failures="0" timestamp="27 Sep 2018 07:46:53 GMT" time="58.966" errors="0">
  <testcase name="SenchaTest" time="58.966" classname="com.wtc.testScript.SenchaTestWithoutPOM"/>
</testsuite> <!-- com.wtc.testScript.SenchaTestWithoutPOM -->
