<?xml version="1.0" encoding="UTF-8"?>
<!-- Generated by org.testng.reporters.JUnitReportReporter -->
<testsuite skipped="0" hostname="walkingtree" name="com.wtc.tests.SenchaTutorial" tests="1" failures="0" timestamp="28 Sep 2018 13:16:52 GMT" time="53.761" errors="0">
  <testcase name="SenchaTest" time="53.761" classname="com.wtc.tests.SenchaTutorial"/>
</testsuite> <!-- com.wtc.tests.SenchaTutorial -->
